<?xml version="1.0" encoding="UTF-8"?>
<testsuite xmlns:xsi="http://www.w3.org/2001/XMLSchema-instance" xsi:noNamespaceSchemaLocation="https://maven.apache.org/surefire/maven-surefire-plugin/xsd/surefire-test-report-3.0.xsd" version="3.0" name="com.blogwebapi.BlogWebApiApplicationTests" time="23.476" tests="1" errors="0" skipped="0" failures="0">
  <properties>
[...]
</properties>
  <testcase name="contextLoads" classname="com.blogwebapi.BlogWebApiApplicationTests" time="0.378">
    <system-out><![CDATA[20:43:21.706 [main] INFO org.springframework.test.context.support.AnnotationConfigContextLoaderUtils -- Could not detect default configuration classes for test class [com.blogwebapi.BlogWebApiApplicationTests]: BlogWebApiApplicationTests does not declare any static, non-private, non-final, nested classes annotated with @Configuration.
20:43:21.783 [main] INFO org.springframework.boot.test.context.SpringBootTestContextBootstrapper -- Found @SpringBootConfiguration com.blogwebapi.BlogWebApiApplication for test class com.blogwebapi.BlogWebApiApplicationTests
20:43:21.907 [main] INFO org.springframework.boot.devtools.restart.RestartApplicationListener -- Restart disabled due to context in which it is running

  _   _    _______                   _
 | \ | |  |__   __|                 | |
 |  \| | ___ | | __ _ _ __ __ _  ___| |_
 | . ` |/ _ \| |/ _` | '__/ _` |/ _ \ __|
 | |\  | (_) | | (_| | | | (_| |  __/ |_
 |_| \_|\___/|_|\__,_|_|  \__, |\___|\__|
                           __/ |
                          |___/

2024-02-29T20:43:22.109+07:00  INFO 26114 --- [BlogWebApi] [           main] c.blogwebapi.BlogWebApiApplicationTests  : Starting BlogWebApiApplicationTests using Java 19.0.2 with PID 26114 (started by notarget in /home/notarget/DATA/Team_Web/BlogWebApi)
2024-02-29T20:43:22.111+07:00  INFO 26114 --- [BlogWebApi] [           main] c.blogwebapi.BlogWebApiApplicationTests  : No active profile set, falling back to 1 default profile: "default"
2024-02-29T20:43:22.829+07:00  INFO 26114 --- [BlogWebApi] [           main] .s.d.r.c.RepositoryConfigurationDelegate : Multiple Spring Data modules found, entering strict repository configuration mode
2024-02-29T20:43:22.830+07:00  INFO 26114 --- [BlogWebApi] [           main] .s.d.r.c.RepositoryConfigurationDelegate : Bootstrapping Spring Data JDBC repositories in DEFAULT mode.
2024-02-29T20:43:22.855+07:00  INFO 26114 --- [BlogWebApi] [           main] .RepositoryConfigurationExtensionSupport : Spring Data JDBC - Could not safely identify store assignment for repository candidate interface com.blogwebapi.repository.IChatBoxRepository; If you want this repository to be a JDBC repository, consider annotating your entities with one of these annotations: org.springframework.data.relational.core.mapping.Table.
2024-02-29T20:43:22.856+07:00  INFO 26114 --- [BlogWebApi] [           main] .RepositoryConfigurationExtensionSupport : Spring Data JDBC - Could not safely identify store assignment for repository candidate interface com.blogwebapi.repository.IChatMessageRepository; If you want this repository to be a JDBC repository, consider annotating your entities with one of these annotations: org.springframework.data.relational.core.mapping.Table.
2024-02-29T20:43:22.857+07:00  INFO 26114 --- [BlogWebApi] [           main] .RepositoryConfigurationExtensionSupport : Spring Data JDBC - Could not safely identify store assignment for repository candidate interface com.blogwebapi.repository.ICommentRepository; If you want this repository to be a JDBC repository, consider annotating your entities with one of these annotations: org.springframework.data.relational.core.mapping.Table.
2024-02-29T20:43:22.859+07:00  INFO 26114 --- [BlogWebApi] [           main] .RepositoryConfigurationExtensionSupport : Spring Data JDBC - Could not safely identify store assignment for repository candidate interface com.blogwebapi.repository.INotificationRepository; If you want this repository to be a JDBC repository, consider annotating your entities with one of these annotations: org.springframework.data.relational.core.mapping.Table.
2024-02-29T20:43:22.860+07:00  INFO 26114 --- [BlogWebApi] [           main] .RepositoryConfigurationExtensionSupport : Spring Data JDBC - Could not safely identify store assignment for repository candidate interface com.blogwebapi.repository.IPostRepository; If you want this repository to be a JDBC repository, consider annotating your entities with one of these annotations: org.springframework.data.relational.core.mapping.Table.
2024-02-29T20:43:22.861+07:00  INFO 26114 --- [BlogWebApi] [           main] .RepositoryConfigurationExtensionSupport : Spring Data JDBC - Could not safely identify store assignment for repository candidate interface com.blogwebapi.repository.IReactionRepository; If you want this repository to be a JDBC repository, consider annotating your entities with one of these annotations: org.springframework.data.relational.core.mapping.Table.
2024-02-29T20:43:22.862+07:00  INFO 26114 --- [BlogWebApi] [           main] .RepositoryConfigurationExtensionSupport : Spring Data JDBC - Could not safely identify store assignment for repository candidate interface com.blogwebapi.repository.IResourcesRepository; If you want this repository to be a JDBC repository, consider annotating your entities with one of these annotations: org.springframework.data.relational.core.mapping.Table.
2024-02-29T20:43:22.863+07:00  INFO 26114 --- [BlogWebApi] [           main] .RepositoryConfigurationExtensionSupport : Spring Data JDBC - Could not safely identify store assignment for repository candidate interface com.blogwebapi.repository.ITagRepository; If you want this repository to be a JDBC repository, consider annotating your entities with one of these annotations: org.springframework.data.relational.core.mapping.Table.
2024-02-29T20:43:22.864+07:00  INFO 26114 --- [BlogWebApi] [           main] .RepositoryConfigurationExtensionSupport : Spring Data JDBC - Could not safely identify store assignment for repository candidate interface com.blogwebapi.repository.IUserRepository; If you want this repository to be a JDBC repository, consider annotating your entities with one of these annotations: org.springframework.data.relational.core.mapping.Table.
2024-02-29T20:43:22.864+07:00  INFO 26114 --- [BlogWebApi] [           main] .s.d.r.c.RepositoryConfigurationDelegate : Finished Spring Data repository scanning in 31 ms. Found 0 JDBC repository interfaces.
2024-02-29T20:43:22.876+07:00  INFO 26114 --- [BlogWebApi] [           main] .s.d.r.c.RepositoryConfigurationDelegate : Multiple Spring Data modules found, entering strict repository configuration mode
2024-02-29T20:43:22.876+07:00  INFO 26114 --- [BlogWebApi] [           main] .s.d.r.c.RepositoryConfigurationDelegate : Bootstrapping Spring Data JPA repositories in DEFAULT mode.
2024-02-29T20:43:22.968+07:00  INFO 26114 --- [BlogWebApi] [           main] .s.d.r.c.RepositoryConfigurationDelegate : Finished Spring Data repository scanning in 89 ms. Found 9 JPA repository interfaces.
2024-02-29T20:43:23.318+07:00  WARN 26114 --- [BlogWebApi] [           main] trationDelegate$BeanPostProcessorChecker : Bean 'org.springframework.ws.config.annotation.DelegatingWsConfiguration' of type [org.springframework.ws.config.annotation.DelegatingWsConfiguration$$SpringCGLIB$$0] is not eligible for getting processed by all BeanPostProcessors (for example: not eligible for auto-proxying). The currently created BeanPostProcessor [annotationActionEndpointMapping] is declared through a non-static factory method on that class; consider declaring it as static instead.
2024-02-29T20:43:23.355+07:00  INFO 26114 --- [BlogWebApi] [           main] .w.s.a.s.AnnotationActionEndpointMapping : Supporting [WS-Addressing August 2004, WS-Addressing 1.0]
2024-02-29T20:43:23.493+07:00  INFO 26114 --- [BlogWebApi] [           main] o.hibernate.jpa.internal.util.LogHelper  : HHH000204: Processing PersistenceUnitInfo [name: default]
2024-02-29T20:43:23.550+07:00  INFO 26114 --- [BlogWebApi] [           main] org.hibernate.Version                    : HHH000412: Hibernate ORM core version 6.3.1.Final
2024-02-29T20:43:23.578+07:00  INFO 26114 --- [BlogWebApi] [           main] o.h.c.internal.RegionFactoryInitiator    : HHH000026: Second-level cache disabled
2024-02-29T20:43:23.741+07:00  INFO 26114 --- [BlogWebApi] [           main] o.s.o.j.p.SpringPersistenceUnitInfo      : No LoadTimeWeaver setup: ignoring JPA class transformer
2024-02-29T20:43:23.764+07:00  INFO 26114 --- [BlogWebApi] [           main] com.zaxxer.hikari.HikariDataSource       : HikariPool-1 - Starting...
2024-02-29T20:43:36.394+07:00  INFO 26114 --- [BlogWebApi] [           main] com.zaxxer.hikari.pool.HikariPool        : HikariPool-1 - Added connection org.postgresql.jdbc.PgConnection@3dad535f
2024-02-29T20:43:36.396+07:00  INFO 26114 --- [BlogWebApi] [           main] com.zaxxer.hikari.HikariDataSource       : HikariPool-1 - Start completed.
2024-02-29T20:43:36.529+07:00  WARN 26114 --- [BlogWebApi] [           main] org.hibernate.orm.deprecation            : HHH90000025: PostgreSQLDialect does not need to be specified explicitly using 'hibernate.dialect' (remove the property setting and it will be selected by default)
2024-02-29T20:43:37.606+07:00  INFO 26114 --- [BlogWebApi] [           main] o.h.e.t.j.p.i.JtaPlatformInitiator       : HHH000489: No JTA platform available (set 'hibernate.transaction.jta.platform' to enable JTA platform integration)
2024-02-29T20:43:42.429+07:00  INFO 26114 --- [BlogWebApi] [           main] j.LocalContainerEntityManagerFactoryBean : Initialized JPA EntityManagerFactory for persistence unit 'default'
2024-02-29T20:43:42.780+07:00  INFO 26114 --- [BlogWebApi] [           main] o.s.d.j.r.query.QueryEnhancerFactory     : JSqlParser is in classpath; If applicable, JSqlParser will be used
2024-02-29T20:43:42.780+07:00  INFO 26114 --- [BlogWebApi] [           main] o.s.d.j.r.query.QueryEnhancerFactory     : Hibernate is in classpath; If applicable, HQL parser will be used.
2024-02-29T20:43:43.502+07:00  WARN 26114 --- [BlogWebApi] [           main] JpaBaseConfiguration$JpaWebConfiguration : spring.jpa.open-in-view is enabled by default. Therefore, database queries may be performed during view rendering. Explicitly configure spring.jpa.open-in-view to disable this warning
2024-02-29T20:43:43.999+07:00  INFO 26114 --- [BlogWebApi] [           main] o.s.s.web.DefaultSecurityFilterChain     : Will secure any request with [org.springframework.security.web.session.DisableEncodeUrlFilter@c1aa8f9, org.springframework.security.web.context.request.async.WebAsyncManagerIntegrationFilter@bbccb5f, org.springframework.security.web.context.SecurityContextHolderFilter@63f38fb1, org.springframework.security.web.header.HeaderWriterFilter@54ad5fce, org.springframework.web.filter.CorsFilter@498e9130, org.springframework.security.web.authentication.logout.LogoutFilter@4acbe932, com.blogwebapi.config.JWTAuthenticationFilter@1f799f4c, org.springframework.security.web.savedrequest.RequestCacheAwareFilter@3412a1dd, org.springframework.security.web.servletapi.SecurityContextHolderAwareRequestFilter@762f0a8b, org.springframework.security.web.authentication.AnonymousAuthenticationFilter@22f3a5bc, org.springframework.security.web.session.SessionManagementFilter@56ff0feb, org.springframework.security.web.access.ExceptionTranslationFilter@2a4a3668, org.springframework.security.web.access.intercept.AuthorizationFilter@54ba7366]
2024-02-29T20:43:44.460+07:00  INFO 26114 --- [BlogWebApi] [           main] o.s.m.s.b.SimpleBrokerMessageHandler     : Starting...
2024-02-29T20:43:44.461+07:00  INFO 26114 --- [BlogWebApi] [           main] o.s.m.s.b.SimpleBrokerMessageHandler     : BrokerAvailabilityEvent[available=true, SimpleBrokerMessageHandler [org.springframework.messaging.simp.broker.DefaultSubscriptionRegistry@2fc6e673]]
2024-02-29T20:43:44.461+07:00  INFO 26114 --- [BlogWebApi] [           main] o.s.m.s.b.SimpleBrokerMessageHandler     : Started.
2024-02-29T20:43:44.469+07:00  INFO 26114 --- [BlogWebApi] [           main] c.blogwebapi.BlogWebApiApplicationTests  : Started BlogWebApiApplicationTests in 22.571 seconds (process running for 23.344)
]]></system-out>
  </testcase>
</testsuite>